<?xml version='1.0' encoding='UTF-8'?>
<testsuite hostname="merledu1" name="BabyKyber.BabyKyberHarnessTest" tests="1" errors="0" failures="0" skipped="0" time="8.708" timestamp="2025-08-03T21:01:20">
          <properties>
[...]
</properties>
          <testcase classname="BabyKyber.BabyKyberHarnessTest" name="BabyKyberHarness should perform key generation, encryption, and decryption with detailed logging through Wishbone and generate VCD" time="8.708">
                      
                    </testcase>
          <system-out><![CDATA[]]></system-out>
          <system-err><![CDATA[]]></system-err>
        </testsuite>