[0m[[0m[0mdebug[0m] [0m[0m> Exec(testOnly Fivestages.Toptest, Some(4ea606fd-7ae6-436a-9e8c-b74e641fc8dc), Some(CommandSource(console0)))[0m
[0m[[0m[0mdebug[0m] [0m[0mEvaluating tasks: Test / testOnly[0m
[0m[[0m[0mdebug[0m] [0m[0mRunning task... Cancel: Signal, check cycles: false, forcegc: true[0m
[0m[[0m[0minfo[0m] [0m[0mcompiling 21 Scala sources to /home/hamna/Scala-Chisel-Learning-Journey/target/scala-2.12/classes ...[0m
[0m[[0m[0minfo[0m] [0m[0mcompiling 3 Scala sources to /home/hamna/Scala-Chisel-Learning-Journey/target/scala-2.12/test-classes ...[0m
[0m[[0m[0minfo[0m] [0m[0m[32mToptest:[0m[0m
[0m[[0m[0minfo[0m] [0m[0m[31m- Top Test *** FAILED ***[0m[0m
[0m[[0m[0minfo[0m] [0m[0m[31m  java.util.NoSuchElementException: key not found: instr_Mem.imemm[0m[0m
[0m[[0m[0minfo[0m] [0m[0m[31m  at scala.collection.MapLike.default(MapLike.scala:235)[0m[0m
[0m[[0m[0minfo[0m] [0m[0m[31m  at scala.collection.MapLike.default$(MapLike.scala:234)[0m[0m
[0m[[0m[0minfo[0m] [0m[0m[31m  at scala.collection.AbstractMap.default(Map.scala:65)[0m[0m
[0m[[0m[0minfo[0m] [0m[0m[31m  at scala.collection.mutable.HashMap.apply(HashMap.scala:69)[0m[0m
[0m[[0m[0minfo[0m] [0m[0m[31m  at treadle.executable.MemoryInitializer.$anonfun$memoryMetadata$1(Memory.scala:657)[0m[0m
[0m[[0m[0minfo[0m] [0m[0m[31m  at scala.collection.immutable.List.flatMap(List.scala:366)[0m[0m
[0m[[0m[0minfo[0m] [0m[0m[31m  at treadle.executable.MemoryInitializer.<init>(Memory.scala:650)[0m[0m
[0m[[0m[0minfo[0m] [0m[0m[31m  at treadle.executable.ExecutionEngine.<init>(ExecutionEngine.scala:118)[0m[0m
[0m[[0m[0minfo[0m] [0m[0m[31m  at treadle.executable.ExecutionEngine$.apply(ExecutionEngine.scala:642)[0m[0m
[0m[[0m[0minfo[0m] [0m[0m[31m  at treadle.TreadleTester.<init>(TreadleTester.scala:44)[0m[0m
[0m[[0m[0minfo[0m] [0m[0m[31m  ...[0m[0m
[0m[[0m[0minfo[0m] [0m[0m[36mRun completed in 1 minute, 27 seconds.[0m[0m
[0m[[0m[0minfo[0m] [0m[0m[36mTotal number of tests run: 1[0m[0m
[0m[[0m[0minfo[0m] [0m[0m[36mSuites: completed 1, aborted 0[0m[0m
[0m[[0m[0minfo[0m] [0m[0m[36mTests: succeeded 0, failed 1, canceled 0, ignored 0, pending 0[0m[0m
[0m[[0m[0minfo[0m] [0m[0m[31m*** 1 TEST FAILED ***[0m[0m
[0m[[0m[31merror[0m] [0m[0mFailed tests:[0m
[0m[[0m[31merror[0m] [0m[0m	Fivestages.Toptest[0m
[0m[[0m[31merror[0m] [0m[0m(Test / [31mtestOnly[0m) sbt.TestsFailedException: Tests unsuccessful[0m
[0m[[0m[31merror[0m] [0m[0mTotal time: 288 s (04:48), completed May 27, 2024, 5:09:40 PM[0m
[0m[[0m[0mdebug[0m] [0m[0m> Exec(shell, None, None)[0m
[0m[[0m[0mdebug[0m] [0m[0mForcing garbage collection...[0m
