[0m[[0m[0mdebug[0m] [0m[0m> Exec(testOnly Fivestages.divtest -- -DwriteVcd=1, Some(c7314add-1195-4aab-8fa5-c753ce8cbc51), Some(CommandSource(console0)))[0m
[0m[[0m[0mdebug[0m] [0m[0mEvaluating tasks: Test / testOnly[0m
[0m[[0m[0mdebug[0m] [0m[0mRunning task... Cancel: Signal, check cycles: false, forcegc: true[0m
[0m[[0m[0minfo[0m] [0m[0mcompiling 1 Scala source to /home/hamna/Scala-Chisel-Learning-Journey/target/scala-2.12/classes ...[0m
[0m[[0m[0minfo[0m] [0m[0m[32mdivtest:[0m[0m
[0m[[0m[0minfo[0m] [0m[0m[31m- div test *** FAILED ***[0m[0m
[0m[[0m[0minfo[0m] [0m[0m[31m  io_output=3 (0x3) did not equal expected=2 (0x2) (lines in divtest.scala: 7) (divtest.scala:11)[0m[0m
[0m[[0m[0minfo[0m] [0m[0m[36mRun completed in 3 seconds, 146 milliseconds.[0m[0m
[0m[[0m[0minfo[0m] [0m[0m[36mTotal number of tests run: 1[0m[0m
[0m[[0m[0minfo[0m] [0m[0m[36mSuites: completed 1, aborted 0[0m[0m
[0m[[0m[0minfo[0m] [0m[0m[36mTests: succeeded 0, failed 1, canceled 0, ignored 0, pending 0[0m[0m
[0m[[0m[0minfo[0m] [0m[0m[31m*** 1 TEST FAILED ***[0m[0m
[0m[[0m[31merror[0m] [0m[0mFailed tests:[0m
[0m[[0m[31merror[0m] [0m[0m	Fivestages.divtest[0m
[0m[[0m[0mdebug[0m] [0m[0mForcing garbage collection...[0m
[0m[[0m[31merror[0m] [0m[0m(Test / [31mtestOnly[0m) sbt.TestsFailedException: Tests unsuccessful[0m
[0m[[0m[31merror[0m] [0m[0mTotal time: 5 s, completed May 31, 2024, 5:53:12 PM[0m
[0m[[0m[0mdebug[0m] [0m[0m> Exec(shell, None, None)[0m
