[0m[[0m[0mdebug[0m] [0m[0m> Exec(testOnly BabyKyber.BabyKyberTopTests -- -DwriteVcd=1, Some(00f128d3-ac65-47df-97b4-81bb7b0eb6d9), Some(CommandSource(console0)))[0m
[0m[[0m[0mdebug[0m] [0m[0mEvaluating tasks: Test / testOnly[0m
[0m[[0m[0mdebug[0m] [0m[0mRunning task... Cancel: Signal, check cycles: false, forcegc: true[0m
[0m[[0m[0minfo[0m] [0m[0mcompiling 1 Scala source to /home/mhussain/BabyKyberAcceleratorCHISEL/target/scala-2.12/test-classes ...[0m
[0m[[0m[0minfo[0m] [0m[0m[32mBabyKyberTopTests:[0m[0m
[0m[[0m[0minfo[0m] [0m[0m[31m- BabyKyberTop should perform key generation, encryption, and decryption *** FAILED ***[0m[0m
[0m[[0m[0minfo[0m] [0m[0m[31m  io_rsp_bits_dataResponse=0 (0x0) did not equal expected=1 (0x1): Some(Response data failed for addr = 0x40007000) (lines in BabyKyberTopTest.scala: 46, 46, 11) (BabyKyberTopTest.scala:52)[0m[0m
[0m[[0m[0minfo[0m] [0m[0m[36mRun completed in 4 seconds, 862 milliseconds.[0m[0m
[0m[[0m[0minfo[0m] [0m[0m[36mTotal number of tests run: 1[0m[0m
[0m[[0m[0minfo[0m] [0m[0m[36mSuites: completed 1, aborted 0[0m[0m
[0m[[0m[0minfo[0m] [0m[0m[36mTests: succeeded 0, failed 1, canceled 0, ignored 0, pending 0[0m[0m
[0m[[0m[0minfo[0m] [0m[0m[31m*** 1 TEST FAILED ***[0m[0m
[0m[[0m[31merror[0m] [0m[0mFailed tests:[0m
[0m[[0m[31merror[0m] [0m[0m	BabyKyber.BabyKyberTopTests[0m
[0m[[0m[31merror[0m] [0m[0m(Test / [31mtestOnly[0m) sbt.TestsFailedException: Tests unsuccessful[0m
[0m[[0m[31merror[0m] [0m[0mTotal time: 7 s, completed Jul 17, 2025, 9:00:52 PM[0m
[0m[[0m[0mdebug[0m] [0m[0m> Exec(shell, None, None)[0m
